30-Jun-2023 12:14:21.135 INFO [main] org.apache.catalina.startup.VersionLoggerListener.log Server version name:   Apache Tomcat/10.1.10
30-Jun-2023 12:14:21.137 INFO [main] org.apache.catalina.startup.VersionLoggerListener.log Server built:          Jun 2 2023 18:11:59 UTC
30-Jun-2023 12:14:21.137 INFO [main] org.apache.catalina.startup.VersionLoggerListener.log Server version number: 10.1.10.0
30-Jun-2023 12:14:21.137 INFO [main] org.apache.catalina.startup.VersionLoggerListener.log OS Name:               Mac OS X
30-Jun-2023 12:14:21.137 INFO [main] org.apache.catalina.startup.VersionLoggerListener.log OS Version:            13.4.1
30-Jun-2023 12:14:21.137 INFO [main] org.apache.catalina.startup.VersionLoggerListener.log Architecture:          aarch64
30-Jun-2023 12:14:21.137 INFO [main] org.apache.catalina.startup.VersionLoggerListener.log Java Home:             /Users/joth/Library/Java/JavaVirtualMachines/corretto-17.0.7/Contents/Home
30-Jun-2023 12:14:21.137 INFO [main] org.apache.catalina.startup.VersionLoggerListener.log JVM Version:           17.0.7+7-LTS
30-Jun-2023 12:14:21.138 INFO [main] org.apache.catalina.startup.VersionLoggerListener.log JVM Vendor:            Amazon.com Inc.
30-Jun-2023 12:14:21.138 INFO [main] org.apache.catalina.startup.VersionLoggerListener.log CATALINA_BASE:         /Users/joth/repos/CS157A/GroupProject/CS157A-team1/src/main/tomcat
30-Jun-2023 12:14:21.138 INFO [main] org.apache.catalina.startup.VersionLoggerListener.log CATALINA_HOME:         /Users/joth/repos/CS157A/GroupProject/CS157A-team1/src/main/tomcat
30-Jun-2023 12:14:21.152 INFO [main] org.apache.catalina.startup.VersionLoggerListener.log Command line argument: -Djava.util.logging.config.file=/Users/joth/repos/CS157A/GroupProject/CS157A-team1/src/main/tomcat/conf/logging.properties
30-Jun-2023 12:14:21.152 INFO [main] org.apache.catalina.startup.VersionLoggerListener.log Command line argument: -Djava.util.logging.manager=org.apache.juli.ClassLoaderLogManager
30-Jun-2023 12:14:21.152 INFO [main] org.apache.catalina.startup.VersionLoggerListener.log Command line argument: -Djdk.tls.ephemeralDHKeySize=2048
30-Jun-2023 12:14:21.152 INFO [main] org.apache.catalina.startup.VersionLoggerListener.log Command line argument: -Djava.protocol.handler.pkgs=org.apache.catalina.webresources
30-Jun-2023 12:14:21.152 INFO [main] org.apache.catalina.startup.VersionLoggerListener.log Command line argument: -Dorg.apache.catalina.security.SecurityListener.UMASK=0027
30-Jun-2023 12:14:21.152 INFO [main] org.apache.catalina.startup.VersionLoggerListener.log Command line argument: --add-opens=java.base/java.lang=ALL-UNNAMED
30-Jun-2023 12:14:21.152 INFO [main] org.apache.catalina.startup.VersionLoggerListener.log Command line argument: --add-opens=java.base/java.io=ALL-UNNAMED
30-Jun-2023 12:14:21.152 INFO [main] org.apache.catalina.startup.VersionLoggerListener.log Command line argument: --add-opens=java.base/java.util=ALL-UNNAMED
30-Jun-2023 12:14:21.152 INFO [main] org.apache.catalina.startup.VersionLoggerListener.log Command line argument: --add-opens=java.base/java.util.concurrent=ALL-UNNAMED
30-Jun-2023 12:14:21.152 INFO [main] org.apache.catalina.startup.VersionLoggerListener.log Command line argument: --add-opens=java.rmi/sun.rmi.transport=ALL-UNNAMED
30-Jun-2023 12:14:21.152 INFO [main] org.apache.catalina.startup.VersionLoggerListener.log Command line argument: -Dcatalina.base=/Users/joth/repos/CS157A/GroupProject/CS157A-team1/src/main/tomcat
30-Jun-2023 12:14:21.152 INFO [main] org.apache.catalina.startup.VersionLoggerListener.log Command line argument: -Dcatalina.home=/Users/joth/repos/CS157A/GroupProject/CS157A-team1/src/main/tomcat
30-Jun-2023 12:14:21.152 INFO [main] org.apache.catalina.startup.VersionLoggerListener.log Command line argument: -Djava.io.tmpdir=/Users/joth/repos/CS157A/GroupProject/CS157A-team1/src/main/tomcat/temp
30-Jun-2023 12:14:21.157 INFO [main] org.apache.catalina.core.AprLifecycleListener.lifecycleEvent The Apache Tomcat Native library which allows using OpenSSL was not found on the java.library.path: [/Users/joth/Library/Java/Extensions:/Library/Java/Extensions:/Network/Library/Java/Extensions:/System/Library/Java/Extensions:/usr/lib/java:.]
30-Jun-2023 12:14:21.279 INFO [main] org.apache.coyote.AbstractProtocol.init Initializing ProtocolHandler ["http-nio-8080"]
30-Jun-2023 12:14:21.298 INFO [main] org.apache.catalina.startup.Catalina.load Server initialization in [249] milliseconds
30-Jun-2023 12:14:21.318 INFO [main] org.apache.catalina.core.StandardService.startInternal Starting service [Catalina]
30-Jun-2023 12:14:21.318 INFO [main] org.apache.catalina.core.StandardEngine.startInternal Starting Servlet engine: [Apache Tomcat/10.1.10]
30-Jun-2023 12:14:21.322 INFO [main] org.apache.catalina.startup.HostConfig.deployDirectory Deploying web application directory [/Users/joth/repos/CS157A/GroupProject/CS157A-team1/src/main/tomcat/webapps/docs]
30-Jun-2023 12:14:21.623 INFO [main] org.apache.jasper.servlet.TldScanner.scanJars At least one JAR was scanned for TLDs yet contained no TLDs. Enable debug logging for this logger for a complete list of JARs that were scanned but no TLDs were found in them. Skipping unneeded JARs during scanning can improve startup time and JSP compilation time.
30-Jun-2023 12:14:21.642 INFO [main] org.apache.catalina.startup.HostConfig.deployDirectory Deployment of web application directory [/Users/joth/repos/CS157A/GroupProject/CS157A-team1/src/main/tomcat/webapps/docs] has finished in [320] ms
30-Jun-2023 12:14:21.642 INFO [main] org.apache.catalina.startup.HostConfig.deployDirectory Deploying web application directory [/Users/joth/repos/CS157A/GroupProject/CS157A-team1/src/main/tomcat/webapps/manager]
30-Jun-2023 12:14:21.804 INFO [main] org.apache.jasper.servlet.TldScanner.scanJars At least one JAR was scanned for TLDs yet contained no TLDs. Enable debug logging for this logger for a complete list of JARs that were scanned but no TLDs were found in them. Skipping unneeded JARs during scanning can improve startup time and JSP compilation time.
30-Jun-2023 12:14:21.807 INFO [main] org.apache.catalina.startup.HostConfig.deployDirectory Deployment of web application directory [/Users/joth/repos/CS157A/GroupProject/CS157A-team1/src/main/tomcat/webapps/manager] has finished in [164] ms
30-Jun-2023 12:14:21.807 INFO [main] org.apache.catalina.startup.HostConfig.deployDirectory Deploying web application directory [/Users/joth/repos/CS157A/GroupProject/CS157A-team1/src/main/tomcat/webapps/examples]
30-Jun-2023 12:14:22.022 INFO [main] org.apache.jasper.servlet.TldScanner.scanJars At least one JAR was scanned for TLDs yet contained no TLDs. Enable debug logging for this logger for a complete list of JARs that were scanned but no TLDs were found in them. Skipping unneeded JARs during scanning can improve startup time and JSP compilation time.
30-Jun-2023 12:14:22.029 INFO [main] org.apache.catalina.startup.HostConfig.deployDirectory Deployment of web application directory [/Users/joth/repos/CS157A/GroupProject/CS157A-team1/src/main/tomcat/webapps/examples] has finished in [222] ms
30-Jun-2023 12:14:22.030 INFO [main] org.apache.catalina.startup.HostConfig.deployDirectory Deploying web application directory [/Users/joth/repos/CS157A/GroupProject/CS157A-team1/src/main/tomcat/webapps/ROOT]
30-Jun-2023 12:14:22.184 INFO [main] org.apache.jasper.servlet.TldScanner.scanJars At least one JAR was scanned for TLDs yet contained no TLDs. Enable debug logging for this logger for a complete list of JARs that were scanned but no TLDs were found in them. Skipping unneeded JARs during scanning can improve startup time and JSP compilation time.
30-Jun-2023 12:14:22.185 INFO [main] org.apache.catalina.startup.HostConfig.deployDirectory Deployment of web application directory [/Users/joth/repos/CS157A/GroupProject/CS157A-team1/src/main/tomcat/webapps/ROOT] has finished in [156] ms
30-Jun-2023 12:14:22.185 INFO [main] org.apache.catalina.startup.HostConfig.deployDirectory Deploying web application directory [/Users/joth/repos/CS157A/GroupProject/CS157A-team1/src/main/tomcat/webapps/host-manager]
30-Jun-2023 12:14:22.334 INFO [main] org.apache.jasper.servlet.TldScanner.scanJars At least one JAR was scanned for TLDs yet contained no TLDs. Enable debug logging for this logger for a complete list of JARs that were scanned but no TLDs were found in them. Skipping unneeded JARs during scanning can improve startup time and JSP compilation time.
30-Jun-2023 12:14:22.335 INFO [main] org.apache.catalina.startup.HostConfig.deployDirectory Deployment of web application directory [/Users/joth/repos/CS157A/GroupProject/CS157A-team1/src/main/tomcat/webapps/host-manager] has finished in [150] ms
30-Jun-2023 12:14:22.337 INFO [main] org.apache.coyote.AbstractProtocol.start Starting ProtocolHandler ["http-nio-8080"]
30-Jun-2023 12:14:22.343 INFO [main] org.apache.catalina.startup.Catalina.start Server startup in [1045] milliseconds
30-Jun-2023 12:51:33.609 INFO [main] org.apache.catalina.core.StandardServer.await A valid shutdown command was received via the shutdown port. Stopping the Server instance.
30-Jun-2023 12:51:33.610 INFO [main] org.apache.coyote.AbstractProtocol.pause Pausing ProtocolHandler ["http-nio-8080"]
30-Jun-2023 12:51:33.612 INFO [main] org.apache.catalina.core.StandardService.stopInternal Stopping service [Catalina]
30-Jun-2023 12:51:33.624 INFO [main] org.apache.coyote.AbstractProtocol.stop Stopping ProtocolHandler ["http-nio-8080"]
30-Jun-2023 12:51:33.637 INFO [main] org.apache.coyote.AbstractProtocol.destroy Destroying ProtocolHandler ["http-nio-8080"]
30-Jun-2023 12:51:38.521 INFO [main] org.apache.catalina.startup.VersionLoggerListener.log Server version name:   Apache Tomcat/10.1.10
30-Jun-2023 12:51:38.522 INFO [main] org.apache.catalina.startup.VersionLoggerListener.log Server built:          Jun 2 2023 18:11:59 UTC
30-Jun-2023 12:51:38.522 INFO [main] org.apache.catalina.startup.VersionLoggerListener.log Server version number: 10.1.10.0
30-Jun-2023 12:51:38.523 INFO [main] org.apache.catalina.startup.VersionLoggerListener.log OS Name:               Mac OS X
30-Jun-2023 12:51:38.523 INFO [main] org.apache.catalina.startup.VersionLoggerListener.log OS Version:            13.4.1
30-Jun-2023 12:51:38.523 INFO [main] org.apache.catalina.startup.VersionLoggerListener.log Architecture:          aarch64
30-Jun-2023 12:51:38.523 INFO [main] org.apache.catalina.startup.VersionLoggerListener.log Java Home:             /Users/joth/Library/Java/JavaVirtualMachines/corretto-17.0.7/Contents/Home
30-Jun-2023 12:51:38.523 INFO [main] org.apache.catalina.startup.VersionLoggerListener.log JVM Version:           17.0.7+7-LTS
30-Jun-2023 12:51:38.523 INFO [main] org.apache.catalina.startup.VersionLoggerListener.log JVM Vendor:            Amazon.com Inc.
30-Jun-2023 12:51:38.523 INFO [main] org.apache.catalina.startup.VersionLoggerListener.log CATALINA_BASE:         /Users/joth/repos/CS157A/GroupProject/CS157A-team1/src/main/tomcat
30-Jun-2023 12:51:38.523 INFO [main] org.apache.catalina.startup.VersionLoggerListener.log CATALINA_HOME:         /Users/joth/repos/CS157A/GroupProject/CS157A-team1/src/main/tomcat
30-Jun-2023 12:51:38.528 INFO [main] org.apache.catalina.startup.VersionLoggerListener.log Command line argument: -Djava.util.logging.config.file=/Users/joth/repos/CS157A/GroupProject/CS157A-team1/src/main/tomcat/conf/logging.properties
30-Jun-2023 12:51:38.528 INFO [main] org.apache.catalina.startup.VersionLoggerListener.log Command line argument: -Djava.util.logging.manager=org.apache.juli.ClassLoaderLogManager
30-Jun-2023 12:51:38.528 INFO [main] org.apache.catalina.startup.VersionLoggerListener.log Command line argument: -Djdk.tls.ephemeralDHKeySize=2048
30-Jun-2023 12:51:38.528 INFO [main] org.apache.catalina.startup.VersionLoggerListener.log Command line argument: -Djava.protocol.handler.pkgs=org.apache.catalina.webresources
30-Jun-2023 12:51:38.528 INFO [main] org.apache.catalina.startup.VersionLoggerListener.log Command line argument: -Dorg.apache.catalina.security.SecurityListener.UMASK=0027
30-Jun-2023 12:51:38.528 INFO [main] org.apache.catalina.startup.VersionLoggerListener.log Command line argument: --add-opens=java.base/java.lang=ALL-UNNAMED
30-Jun-2023 12:51:38.528 INFO [main] org.apache.catalina.startup.VersionLoggerListener.log Command line argument: --add-opens=java.base/java.io=ALL-UNNAMED
30-Jun-2023 12:51:38.528 INFO [main] org.apache.catalina.startup.VersionLoggerListener.log Command line argument: --add-opens=java.base/java.util=ALL-UNNAMED
30-Jun-2023 12:51:38.529 INFO [main] org.apache.catalina.startup.VersionLoggerListener.log Command line argument: --add-opens=java.base/java.util.concurrent=ALL-UNNAMED
30-Jun-2023 12:51:38.529 INFO [main] org.apache.catalina.startup.VersionLoggerListener.log Command line argument: --add-opens=java.rmi/sun.rmi.transport=ALL-UNNAMED
30-Jun-2023 12:51:38.529 INFO [main] org.apache.catalina.startup.VersionLoggerListener.log Command line argument: -Dcatalina.base=/Users/joth/repos/CS157A/GroupProject/CS157A-team1/src/main/tomcat
30-Jun-2023 12:51:38.529 INFO [main] org.apache.catalina.startup.VersionLoggerListener.log Command line argument: -Dcatalina.home=/Users/joth/repos/CS157A/GroupProject/CS157A-team1/src/main/tomcat
30-Jun-2023 12:51:38.529 INFO [main] org.apache.catalina.startup.VersionLoggerListener.log Command line argument: -Djava.io.tmpdir=/Users/joth/repos/CS157A/GroupProject/CS157A-team1/src/main/tomcat/temp
30-Jun-2023 12:51:38.533 INFO [main] org.apache.catalina.core.AprLifecycleListener.lifecycleEvent The Apache Tomcat Native library which allows using OpenSSL was not found on the java.library.path: [/Users/joth/Library/Java/Extensions:/Library/Java/Extensions:/Network/Library/Java/Extensions:/System/Library/Java/Extensions:/usr/lib/java:.]
30-Jun-2023 12:51:38.640 INFO [main] org.apache.coyote.AbstractProtocol.init Initializing ProtocolHandler ["http-nio-8080"]
30-Jun-2023 12:51:38.653 INFO [main] org.apache.catalina.startup.Catalina.load Server initialization in [203] milliseconds
30-Jun-2023 12:51:38.669 INFO [main] org.apache.catalina.core.StandardService.startInternal Starting service [Catalina]
30-Jun-2023 12:51:38.669 INFO [main] org.apache.catalina.core.StandardEngine.startInternal Starting Servlet engine: [Apache Tomcat/10.1.10]
30-Jun-2023 12:51:38.673 INFO [main] org.apache.catalina.startup.HostConfig.deployDirectory Deploying web application directory [/Users/joth/repos/CS157A/GroupProject/CS157A-team1/src/main/tomcat/webapps/docs]
30-Jun-2023 12:51:38.956 INFO [main] org.apache.jasper.servlet.TldScanner.scanJars At least one JAR was scanned for TLDs yet contained no TLDs. Enable debug logging for this logger for a complete list of JARs that were scanned but no TLDs were found in them. Skipping unneeded JARs during scanning can improve startup time and JSP compilation time.
30-Jun-2023 12:51:38.973 INFO [main] org.apache.catalina.startup.HostConfig.deployDirectory Deployment of web application directory [/Users/joth/repos/CS157A/GroupProject/CS157A-team1/src/main/tomcat/webapps/docs] has finished in [300] ms
30-Jun-2023 12:51:38.973 INFO [main] org.apache.catalina.startup.HostConfig.deployDirectory Deploying web application directory [/Users/joth/repos/CS157A/GroupProject/CS157A-team1/src/main/tomcat/webapps/manager]
30-Jun-2023 12:51:39.139 INFO [main] org.apache.jasper.servlet.TldScanner.scanJars At least one JAR was scanned for TLDs yet contained no TLDs. Enable debug logging for this logger for a complete list of JARs that were scanned but no TLDs were found in them. Skipping unneeded JARs during scanning can improve startup time and JSP compilation time.
30-Jun-2023 12:51:39.143 INFO [main] org.apache.catalina.startup.HostConfig.deployDirectory Deployment of web application directory [/Users/joth/repos/CS157A/GroupProject/CS157A-team1/src/main/tomcat/webapps/manager] has finished in [170] ms
30-Jun-2023 12:51:39.144 INFO [main] org.apache.catalina.startup.HostConfig.deployDirectory Deploying web application directory [/Users/joth/repos/CS157A/GroupProject/CS157A-team1/src/main/tomcat/webapps/examples]
30-Jun-2023 12:51:39.366 INFO [main] org.apache.jasper.servlet.TldScanner.scanJars At least one JAR was scanned for TLDs yet contained no TLDs. Enable debug logging for this logger for a complete list of JARs that were scanned but no TLDs were found in them. Skipping unneeded JARs during scanning can improve startup time and JSP compilation time.
30-Jun-2023 12:51:39.374 INFO [main] org.apache.catalina.startup.HostConfig.deployDirectory Deployment of web application directory [/Users/joth/repos/CS157A/GroupProject/CS157A-team1/src/main/tomcat/webapps/examples] has finished in [231] ms
30-Jun-2023 12:51:39.374 INFO [main] org.apache.catalina.startup.HostConfig.deployDirectory Deploying web application directory [/Users/joth/repos/CS157A/GroupProject/CS157A-team1/src/main/tomcat/webapps/ROOT]
30-Jun-2023 12:51:39.530 INFO [main] org.apache.jasper.servlet.TldScanner.scanJars At least one JAR was scanned for TLDs yet contained no TLDs. Enable debug logging for this logger for a complete list of JARs that were scanned but no TLDs were found in them. Skipping unneeded JARs during scanning can improve startup time and JSP compilation time.
30-Jun-2023 12:51:39.531 INFO [main] org.apache.catalina.startup.HostConfig.deployDirectory Deployment of web application directory [/Users/joth/repos/CS157A/GroupProject/CS157A-team1/src/main/tomcat/webapps/ROOT] has finished in [157] ms
30-Jun-2023 12:51:39.531 INFO [main] org.apache.catalina.startup.HostConfig.deployDirectory Deploying web application directory [/Users/joth/repos/CS157A/GroupProject/CS157A-team1/src/main/tomcat/webapps/host-manager]
30-Jun-2023 12:51:39.687 INFO [main] org.apache.jasper.servlet.TldScanner.scanJars At least one JAR was scanned for TLDs yet contained no TLDs. Enable debug logging for this logger for a complete list of JARs that were scanned but no TLDs were found in them. Skipping unneeded JARs during scanning can improve startup time and JSP compilation time.
30-Jun-2023 12:51:39.688 INFO [main] org.apache.catalina.startup.HostConfig.deployDirectory Deployment of web application directory [/Users/joth/repos/CS157A/GroupProject/CS157A-team1/src/main/tomcat/webapps/host-manager] has finished in [157] ms
30-Jun-2023 12:51:39.690 INFO [main] org.apache.coyote.AbstractProtocol.start Starting ProtocolHandler ["http-nio-8080"]
30-Jun-2023 12:51:39.694 INFO [main] org.apache.catalina.startup.Catalina.start Server startup in [1040] milliseconds
